<?xml version="1.0" encoding="UTF-8"?>
<!-- Generated by org.testng.reporters.JUnitXMLReporter -->
<testsuite ignored="0" hostname="DESKTOP-NNGQNDK" failures="0" tests="4" name="Default test" time="16.486" errors="0" timestamp="2022-06-09T19:43:47 IST">
  <testcase classname="com.sgtesting.dataproviderdemo.LoginLogoutChromeBrowserDemo" name="launchBrowser" time="1.649"/>
  <testcase classname="com.sgtesting.dataproviderdemo.LoginLogoutChromeBrowserDemo" name="navigate" time="5.952"/>
  <testcase classname="com.sgtesting.dataproviderdemo.LoginLogoutChromeBrowserDemo" name="login" time="8.574"/>
  <testcase classname="com.sgtesting.dataproviderdemo.LoginLogoutChromeBrowserDemo" name="closeApplication" time="0.259"/>
</testsuite> <!-- Default test -->
