<?xml version="1.0" encoding="UTF-8"?>
<!-- Generated by org.testng.reporters.JUnitXMLReporter -->
<testsuite ignored="0" hostname="DESKTOP-NNGQNDK" failures="0" tests="16" name="unit test cases" time="0.1" errors="0" timestamp="2022-06-25T17:08:44 IST">
  <testcase classname="com.sgtesting.calculator.testcases.AdditionTestcases" name="addPositiveAndNegativeNumbers" time="0.01"/>
  <testcase classname="com.sgtesting.calculator.testcases.AdditionTestcases" name="addPositiveAndZeroNumbers" time="0.001"/>
  <testcase classname="com.sgtesting.calculator.testcases.AdditionTestcases" name="addTwoNegativeNumbers" time="0.001"/>
  <testcase classname="com.sgtesting.calculator.testcases.AdditionTestcases" name="addTwoPositiveNumbers" time="0.001"/>
  <testcase classname="com.sgtesting.calculator.testcases.SubstractionTestcases" name="substractPositiveAndNegativeNumbers" time="0.002"/>
  <testcase classname="com.sgtesting.calculator.testcases.SubstractionTestcases" name="substractPositiveAndZeroNumbers" time="0.001"/>
  <testcase classname="com.sgtesting.calculator.testcases.SubstractionTestcases" name="substractTwoNegativeNumbers" time="0.004"/>
  <testcase classname="com.sgtesting.calculator.testcases.SubstractionTestcases" name="substractTwoPositiveNumbers" time="0.0"/>
  <testcase classname="com.sgtesting.calculator.testcases.MultiplicationTestcases" name="multiplyPositiveAndNegativeNumbers" time="0.003"/>
  <testcase classname="com.sgtesting.calculator.testcases.MultiplicationTestcases" name="multiplyPositiveAndZeroNumbers" time="0.001"/>
  <testcase classname="com.sgtesting.calculator.testcases.MultiplicationTestcases" name="multiplyTwoNegativeNumbers" time="0.002"/>
  <testcase classname="com.sgtesting.calculator.testcases.MultiplicationTestcases" name="multiplyTwoPositiveNumbers" time="0.003"/>
  <testcase classname="com.sgtesting.calculator.testcases.DivisionTestcases" name="addPositiveAndOneNumbers" time="0.001"/>
  <testcase classname="com.sgtesting.calculator.testcases.DivisionTestcases" name="devidePositiveAndNegativeNumbers" time="0.001"/>
  <testcase classname="com.sgtesting.calculator.testcases.DivisionTestcases" name="divideTwoNegativeNumbers" time="0.001"/>
  <testcase classname="com.sgtesting.calculator.testcases.DivisionTestcases" name="divideTwoPositiveNumbers" time="0.001"/>
</testsuite> <!-- unit test cases -->
