<?xml version="1.0" encoding="UTF-8"?>
<testng-results ignored="0" total="4" passed="4" failed="0" skipped="0">
  <reporter-output>
  </reporter-output>
  <suite started-at="2022-06-09T19:43:31 IST" name="Default suite" finished-at="2022-06-09T19:43:47 IST" duration-ms="16486">
    <groups>
    </groups>
    <test started-at="2022-06-09T19:43:31 IST" name="Default test" finished-at="2022-06-09T19:43:47 IST" duration-ms="16486">
      <class name="com.sgtesting.dataproviderdemo.LoginLogoutChromeBrowserDemo">
        <test-method signature="launchBrowser()[pri:1, instance:com.sgtesting.dataproviderdemo.LoginLogoutChromeBrowserDemo@25084a1e]" started-at="2022-06-09T19:43:31 IST" name="launchBrowser" finished-at="2022-06-09T19:43:32 IST" duration-ms="1649" status="PASS">
          <reporter-output>
          </reporter-output>
        </test-method> <!-- launchBrowser -->
        <test-method signature="navigate()[pri:2, instance:com.sgtesting.dataproviderdemo.LoginLogoutChromeBrowserDemo@25084a1e]" started-at="2022-06-09T19:43:32 IST" name="navigate" finished-at="2022-06-09T19:43:38 IST" duration-ms="5952" status="PASS">
          <reporter-output>
          </reporter-output>
        </test-method> <!-- navigate -->
        <test-method signature="login(java.lang.String,java.lang.String)[pri:3, instance:com.sgtesting.dataproviderdemo.LoginLogoutChromeBrowserDemo@25084a1e]" started-at="2022-06-09T19:43:38 IST" name="login" data-provider="logindetails" finished-at="2022-06-09T19:43:47 IST" duration-ms="8574" status="PASS">
          <params>
            <param index="0">
              <value>
                <![CDATA[admin]]>
              </value>
            </param>
            <param index="1">
              <value>
                <![CDATA[manager]]>
              </value>
            </param>
          </params>
          <reporter-output>
          </reporter-output>
        </test-method> <!-- login -->
        <test-method signature="closeApplication()[pri:4, instance:com.sgtesting.dataproviderdemo.LoginLogoutChromeBrowserDemo@25084a1e]" started-at="2022-06-09T19:43:47 IST" name="closeApplication" finished-at="2022-06-09T19:43:47 IST" duration-ms="259" status="PASS">
          <reporter-output>
          </reporter-output>
        </test-method> <!-- closeApplication -->
      </class> <!-- com.sgtesting.dataproviderdemo.LoginLogoutChromeBrowserDemo -->
    </test> <!-- Default test -->
  </suite> <!-- Default suite -->
</testng-results>
